[INFO] Scanning for projects...
[INFO] 
[INFO] Using the builder org.apache.maven.lifecycle.internal.builder.singlethreaded.SingleThreadedBuilder with a thread count of 1
[INFO]                                                                         
[INFO] ------------------------------------------------------------------------
[INFO] Building AML 0.3
[INFO] ------------------------------------------------------------------------
[WARNING] The POM for es.us.isa.opl:oplall:jar:1.0.0 is invalid, transitive dependencies (if any) will not be available, enable debug logging for more details
[WARNING] The artifact axis:axis-ant:jar:1.4 has been relocated to org.apache.axis:axis-ant:jar:1.4
[INFO] 
[INFO] --- maven-resources-plugin:2.6:resources (default-resources) @ AML ---
[WARNING] Using platform encoding (Cp1252 actually) to copy filtered resources, i.e. build is platform dependent!
[INFO] Copying 2 resources
[INFO] 
[INFO] --- maven-compiler-plugin:3.2:compile (default-compile) @ AML ---
[INFO] Changes detected - recompiling the module!
[WARNING] File encoding has not been set, using platform encoding Cp1252, i.e. build is platform dependent!
[INFO] Compiling 152 source files to C:\Universidad\IDEAS\Projects\AML\target\classes
[INFO] /C:/Universidad/IDEAS/Projects/AML/src/main/java/es/us/isa/aml/parsers/expression/ExpressionParser.java: Some input files use or override a deprecated API.
[INFO] /C:/Universidad/IDEAS/Projects/AML/src/main/java/es/us/isa/aml/parsers/expression/ExpressionParser.java: Recompile with -Xlint:deprecation for details.
[INFO] 
[INFO] --- maven-resources-plugin:2.6:testResources (default-testResources) @ AML ---
[WARNING] Using platform encoding (Cp1252 actually) to copy filtered resources, i.e. build is platform dependent!
[INFO] Copying 3806 resources
[INFO] 
[INFO] --- maven-compiler-plugin:3.2:testCompile (default-testCompile) @ AML ---
[INFO] Nothing to compile - all classes are up to date
[INFO] 
[INFO] --- maven-surefire-plugin:2.18.1:test (default-test) @ AML ---
[INFO] Surefire report directory: C:\Universidad\IDEAS\Projects\AML\target\surefire-reports

-------------------------------------------------------
 T E S T S
-------------------------------------------------------
Running es.us.isa.tests.core.TestAzureCompliance
ago 13, 2015 6:13:25 AM es.us.isa.aml.reasoners.CSPWebReasoner solve
INFORMACIÓN: CSPWebReasoner Endpoint: http://localhost:8080/CSPWebReasoner/solver/solve
ago 13, 2015 6:13:26 AM es.us.isa.aml.reasoners.CSPWebReasoner solve
INFORMACIÓN: CSPWebReasoner Endpoint: http://localhost:8080/CSPWebReasoner/solver/solve
ago 13, 2015 6:13:27 AM es.us.isa.aml.reasoners.CSPWebReasoner solve
INFORMACIÓN: CSPWebReasoner Endpoint: http://localhost:8080/CSPWebReasoner/solver/solve
ago 13, 2015 6:13:27 AM es.us.isa.aml.reasoners.CSPWebReasoner solve
INFORMACIÓN: CSPWebReasoner Endpoint: http://localhost:8080/CSPWebReasoner/solver/solve
ago 13, 2015 6:13:28 AM es.us.isa.aml.reasoners.CSPWebReasoner solve
INFORMACIÓN: CSPWebReasoner Endpoint: http://localhost:8080/CSPWebReasoner/solver/solve
ago 13, 2015 6:13:28 AM es.us.isa.aml.reasoners.CSPWebReasoner solve
INFORMACIÓN: CSPWebReasoner Endpoint: http://localhost:8080/CSPWebReasoner/solver/solve
ago 13, 2015 6:13:28 AM es.us.isa.aml.reasoners.CSPWebReasoner solve
INFORMACIÓN: CSPWebReasoner Endpoint: http://localhost:8080/CSPWebReasoner/solver/solve
ago 13, 2015 6:13:29 AM es.us.isa.aml.reasoners.CSPWebReasoner solve
INFORMACIÓN: CSPWebReasoner Endpoint: http://localhost:8080/CSPWebReasoner/solver/solve
ago 13, 2015 6:13:29 AM es.us.isa.aml.reasoners.CSPWebReasoner solve
INFORMACIÓN: CSPWebReasoner Endpoint: http://localhost:8080/CSPWebReasoner/solver/solve
ago 13, 2015 6:13:29 AM es.us.isa.aml.reasoners.CSPWebReasoner solve
INFORMACIÓN: CSPWebReasoner Endpoint: http://localhost:8080/CSPWebReasoner/solver/solve
ago 13, 2015 6:13:30 AM es.us.isa.aml.reasoners.CSPWebReasoner solve
INFORMACIÓN: CSPWebReasoner Endpoint: http://localhost:8080/CSPWebReasoner/solver/solve
ago 13, 2015 6:13:31 AM es.us.isa.aml.reasoners.CSPWebReasoner solve
INFORMACIÓN: CSPWebReasoner Endpoint: http://localhost:8080/CSPWebReasoner/solver/solve
Tests run: 6, Failures: 0, Errors: 0, Skipped: 0, Time elapsed: 6.602 sec - in es.us.isa.tests.core.TestAzureCompliance
Running es.us.isa.tests.core.TestCSPModel
Tests run: 3, Failures: 0, Errors: 0, Skipped: 0, Time elapsed: 0.001 sec - in es.us.isa.tests.core.TestCSPModel
Running es.us.isa.tests.core.TestExpression
Tests run: 5, Failures: 0, Errors: 0, Skipped: 0, Time elapsed: 0.001 sec - in es.us.isa.tests.core.TestExpression
Running es.us.isa.tests.core.TestIAgreeModel
Tests run: 1, Failures: 0, Errors: 0, Skipped: 0, Time elapsed: 0.001 sec - in es.us.isa.tests.core.TestIAgreeModel
Running es.us.isa.tests.core.TestOperations
ago 13, 2015 6:13:32 AM es.us.isa.aml.reasoners.CSPWebReasoner solve
INFORMACIÓN: CSPWebReasoner Endpoint: http://localhost:8080/CSPWebReasoner/solver/solve
ago 13, 2015 6:13:33 AM es.us.isa.aml.reasoners.CSPWebReasoner solve
INFORMACIÓN: CSPWebReasoner Endpoint: http://localhost:8080/CSPWebReasoner/solver/solve
ago 13, 2015 6:13:33 AM es.us.isa.aml.reasoners.CSPWebReasoner solve
INFORMACIÓN: CSPWebReasoner Endpoint: http://localhost:8080/CSPWebReasoner/solver/solve
ago 13, 2015 6:13:34 AM es.us.isa.aml.reasoners.CSPWebReasoner solve
INFORMACIÓN: CSPWebReasoner Endpoint: http://localhost:8080/CSPWebReasoner/solver/solve
ago 13, 2015 6:13:34 AM es.us.isa.aml.reasoners.CSPWebReasoner solve
INFORMACIÓN: CSPWebReasoner Endpoint: http://localhost:8080/CSPWebReasoner/solver/solve
ago 13, 2015 6:13:34 AM es.us.isa.aml.reasoners.CSPWebReasoner solve
INFORMACIÓN: CSPWebReasoner Endpoint: http://localhost:8080/CSPWebReasoner/solver/solve
ago 13, 2015 6:13:35 AM es.us.isa.aml.reasoners.CSPWebReasoner solve
INFORMACIÓN: CSPWebReasoner Endpoint: http://localhost:8080/CSPWebReasoner/solver/solve
ago 13, 2015 6:13:35 AM es.us.isa.aml.reasoners.CSPWebReasoner solve
INFORMACIÓN: CSPWebReasoner Endpoint: http://localhost:8080/CSPWebReasoner/solver/solve
ago 13, 2015 6:13:36 AM es.us.isa.aml.reasoners.CSPWebReasoner solve
INFORMACIÓN: CSPWebReasoner Endpoint: http://localhost:8080/CSPWebReasoner/solver/solve
ago 13, 2015 6:13:36 AM es.us.isa.aml.reasoners.CSPWebReasoner solve
INFORMACIÓN: CSPWebReasoner Endpoint: http://localhost:8080/CSPWebReasoner/solver/solve
ago 13, 2015 6:13:37 AM es.us.isa.aml.reasoners.CSPWebReasoner solve
INFORMACIÓN: CSPWebReasoner Endpoint: http://localhost:8080/CSPWebReasoner/solver/solve
ago 13, 2015 6:13:37 AM es.us.isa.aml.reasoners.CSPWebReasoner solve
INFORMACIÓN: CSPWebReasoner Endpoint: http://localhost:8080/CSPWebReasoner/solver/solve
ago 13, 2015 6:13:38 AM es.us.isa.aml.reasoners.CSPWebReasoner solve
INFORMACIÓN: CSPWebReasoner Endpoint: http://localhost:8080/CSPWebReasoner/solver/solve
ago 13, 2015 6:13:38 AM es.us.isa.aml.reasoners.CSPWebReasoner solve
INFORMACIÓN: CSPWebReasoner Endpoint: http://localhost:8080/CSPWebReasoner/solver/solve
ago 13, 2015 6:13:39 AM es.us.isa.aml.reasoners.CSPWebReasoner solve
INFORMACIÓN: CSPWebReasoner Endpoint: http://localhost:8080/CSPWebReasoner/solver/solve
ago 13, 2015 6:13:39 AM es.us.isa.aml.reasoners.CSPWebReasoner solve
INFORMACIÓN: CSPWebReasoner Endpoint: http://localhost:8080/CSPWebReasoner/solver/solve
ago 13, 2015 6:13:40 AM es.us.isa.aml.reasoners.CSPWebReasoner solve
INFORMACIÓN: CSPWebReasoner Endpoint: http://localhost:8080/CSPWebReasoner/solver/solve
ago 13, 2015 6:13:41 AM es.us.isa.aml.reasoners.CSPWebReasoner solve
INFORMACIÓN: CSPWebReasoner Endpoint: http://localhost:8080/CSPWebReasoner/solver/solve
ago 13, 2015 6:13:42 AM es.us.isa.aml.reasoners.CSPWebReasoner solve
INFORMACIÓN: CSPWebReasoner Endpoint: http://localhost:8080/CSPWebReasoner/solver/solve
ago 13, 2015 6:13:42 AM es.us.isa.aml.reasoners.CSPWebReasoner solve
INFORMACIÓN: CSPWebReasoner Endpoint: http://localhost:8080/CSPWebReasoner/solver/solve
ago 13, 2015 6:13:43 AM es.us.isa.aml.reasoners.CSPWebReasoner solve
INFORMACIÓN: CSPWebReasoner Endpoint: http://localhost:8080/CSPWebReasoner/solver/solve
ago 13, 2015 6:13:44 AM es.us.isa.aml.reasoners.CSPWebReasoner solve
INFORMACIÓN: CSPWebReasoner Endpoint: http://localhost:8080/CSPWebReasoner/solver/solve
ago 13, 2015 6:13:45 AM es.us.isa.aml.reasoners.CSPWebReasoner solve
INFORMACIÓN: CSPWebReasoner Endpoint: http://localhost:8080/CSPWebReasoner/solver/solve
ago 13, 2015 6:13:46 AM es.us.isa.aml.reasoners.CSPWebReasoner solve
INFORMACIÓN: CSPWebReasoner Endpoint: http://localhost:8080/CSPWebReasoner/solver/solve
ago 13, 2015 6:13:47 AM es.us.isa.aml.reasoners.CSPWebReasoner solve
INFORMACIÓN: CSPWebReasoner Endpoint: http://localhost:8080/CSPWebReasoner/solver/solve
ago 13, 2015 6:13:47 AM es.us.isa.aml.reasoners.CSPWebReasoner solve
INFORMACIÓN: CSPWebReasoner Endpoint: http://localhost:8080/CSPWebReasoner/solver/solve
ago 13, 2015 6:13:48 AM es.us.isa.aml.reasoners.CSPWebReasoner solve
INFORMACIÓN: CSPWebReasoner Endpoint: http://localhost:8080/CSPWebReasoner/solver/solve
ago 13, 2015 6:13:48 AM es.us.isa.aml.reasoners.CSPWebReasoner solve
INFORMACIÓN: CSPWebReasoner Endpoint: http://localhost:8080/CSPWebReasoner/solver/solve
ago 13, 2015 6:13:51 AM es.us.isa.aml.reasoners.CSPWebReasoner solve
INFORMACIÓN: CSPWebReasoner Endpoint: http://localhost:8080/CSPWebReasoner/solver/solve
ago 13, 2015 6:13:52 AM es.us.isa.aml.reasoners.CSPWebReasoner solve
INFORMACIÓN: CSPWebReasoner Endpoint: http://localhost:8080/CSPWebReasoner/solver/solve
ago 13, 2015 6:13:53 AM es.us.isa.aml.reasoners.CSPWebReasoner solve
INFORMACIÓN: CSPWebReasoner Endpoint: http://localhost:8080/CSPWebReasoner/solver/solve
ago 13, 2015 6:13:53 AM es.us.isa.aml.reasoners.CSPWebReasoner solve
INFORMACIÓN: CSPWebReasoner Endpoint: http://localhost:8080/CSPWebReasoner/solver/solve
ago 13, 2015 6:13:54 AM es.us.isa.aml.reasoners.CSPWebReasoner solve
INFORMACIÓN: CSPWebReasoner Endpoint: http://localhost:8080/CSPWebReasoner/solver/solve
ago 13, 2015 6:13:55 AM es.us.isa.aml.reasoners.CSPWebReasoner solve
INFORMACIÓN: CSPWebReasoner Endpoint: http://localhost:8080/CSPWebReasoner/solver/solve
ago 13, 2015 6:13:56 AM es.us.isa.aml.reasoners.CSPWebReasoner solve
INFORMACIÓN: CSPWebReasoner Endpoint: http://localhost:8080/CSPWebReasoner/solver/solve
ago 13, 2015 6:13:56 AM es.us.isa.aml.reasoners.CSPWebReasoner solve
INFORMACIÓN: CSPWebReasoner Endpoint: http://localhost:8080/CSPWebReasoner/solver/solve
ago 13, 2015 6:13:57 AM es.us.isa.aml.reasoners.CSPWebReasoner solve
INFORMACIÓN: CSPWebReasoner Endpoint: http://localhost:8080/CSPWebReasoner/solver/solve
ago 13, 2015 6:13:58 AM es.us.isa.aml.reasoners.CSPWebReasoner solve
INFORMACIÓN: CSPWebReasoner Endpoint: http://localhost:8080/CSPWebReasoner/solver/solve
ago 13, 2015 6:13:58 AM es.us.isa.aml.reasoners.CSPWebReasoner solve
INFORMACIÓN: CSPWebReasoner Endpoint: http://localhost:8080/CSPWebReasoner/solver/solve
ago 13, 2015 6:13:59 AM es.us.isa.aml.reasoners.CSPWebReasoner solve
INFORMACIÓN: CSPWebReasoner Endpoint: http://localhost:8080/CSPWebReasoner/solver/solve
ago 13, 2015 6:14:00 AM es.us.isa.aml.reasoners.CSPWebReasoner solve
INFORMACIÓN: CSPWebReasoner Endpoint: http://localhost:8080/CSPWebReasoner/solver/solve
ago 13, 2015 6:14:00 AM es.us.isa.aml.reasoners.CSPWebReasoner solve
INFORMACIÓN: CSPWebReasoner Endpoint: http://localhost:8080/CSPWebReasoner/solver/solve
ago 13, 2015 6:14:01 AM es.us.isa.aml.reasoners.CSPWebReasoner solve
INFORMACIÓN: CSPWebReasoner Endpoint: http://localhost:8080/CSPWebReasoner/solver/solve
ago 13, 2015 6:14:01 AM es.us.isa.aml.reasoners.CSPWebReasoner solve
INFORMACIÓN: CSPWebReasoner Endpoint: http://localhost:8080/CSPWebReasoner/solver/solve
ago 13, 2015 6:14:02 AM es.us.isa.aml.reasoners.CSPWebReasoner solve
INFORMACIÓN: CSPWebReasoner Endpoint: http://localhost:8080/CSPWebReasoner/solver/solve
ago 13, 2015 6:14:02 AM es.us.isa.aml.reasoners.CSPWebReasoner solve
INFORMACIÓN: CSPWebReasoner Endpoint: http://localhost:8080/CSPWebReasoner/solver/solve
ago 13, 2015 6:14:03 AM es.us.isa.aml.reasoners.CSPWebReasoner solve
INFORMACIÓN: CSPWebReasoner Endpoint: http://localhost:8080/CSPWebReasoner/solver/solve
ago 13, 2015 6:14:03 AM es.us.isa.aml.reasoners.CSPWebReasoner solve
INFORMACIÓN: CSPWebReasoner Endpoint: http://localhost:8080/CSPWebReasoner/solver/solve
ago 13, 2015 6:14:04 AM es.us.isa.aml.reasoners.CSPWebReasoner solve
INFORMACIÓN: CSPWebReasoner Endpoint: http://localhost:8080/CSPWebReasoner/solver/solve
ago 13, 2015 6:14:05 AM es.us.isa.aml.reasoners.CSPWebReasoner solve
INFORMACIÓN: CSPWebReasoner Endpoint: http://localhost:8080/CSPWebReasoner/solver/solve
ago 13, 2015 6:14:05 AM es.us.isa.aml.reasoners.CSPWebReasoner solve
INFORMACIÓN: CSPWebReasoner Endpoint: http://localhost:8080/CSPWebReasoner/solver/solve
ago 13, 2015 6:14:06 AM es.us.isa.aml.reasoners.CSPWebReasoner solve
INFORMACIÓN: CSPWebReasoner Endpoint: http://localhost:8080/CSPWebReasoner/solver/solve
ago 13, 2015 6:14:06 AM es.us.isa.aml.reasoners.CSPWebReasoner solve
INFORMACIÓN: CSPWebReasoner Endpoint: http://localhost:8080/CSPWebReasoner/solver/solve
ago 13, 2015 6:14:07 AM es.us.isa.aml.reasoners.CSPWebReasoner solve
INFORMACIÓN: CSPWebReasoner Endpoint: http://localhost:8080/CSPWebReasoner/solver/solve
ago 13, 2015 6:14:14 AM es.us.isa.aml.operations.core.csp.WhyAreNotCompliant analyze
INFORMACIÓN: Conflicts from wich Problem constraint must be removed and to check if they are included within the Offer (to be returned): [G1, G1_2]
ago 13, 2015 6:14:14 AM es.us.isa.aml.operations.core.csp.WhyAreNotCompliant analyze
INFORMACIÓN: Conflicting constraints: [G1: MUP < 999;]
ago 13, 2015 6:14:14 AM es.us.isa.aml.reasoners.CSPWebReasoner solve
INFORMACIÓN: CSPWebReasoner Endpoint: http://localhost:8080/CSPWebReasoner/solver/solve
ago 13, 2015 6:14:14 AM es.us.isa.aml.reasoners.CSPWebReasoner solve
INFORMACIÓN: CSPWebReasoner Endpoint: http://localhost:8080/CSPWebReasoner/solver/solve
ago 13, 2015 6:14:15 AM es.us.isa.aml.operations.core.csp.WhyAreNotCompliant analyze
INFORMACIÓN: Conflicts from wich Problem constraint must be removed and to check if they are included within the Offer (to be returned): [Problem, G1_2]
ago 13, 2015 6:14:15 AM es.us.isa.aml.operations.core.csp.WhyAreNotCompliant analyze
INFORMACIÓN: Conflicting constraints: [G1: MUP >= 9999;]
ago 13, 2015 6:14:15 AM es.us.isa.aml.reasoners.CSPWebReasoner solve
INFORMACIÓN: CSPWebReasoner Endpoint: http://localhost:8080/CSPWebReasoner/solver/solve
ago 13, 2015 6:14:16 AM es.us.isa.aml.operations.core.csp.WhyAreNotCompliant analyze
INFORMACIÓN: Conflicts from wich Problem constraint must be removed and to check if they are included within the Offer (to be returned): [ASSIG_Price, C2]
ago 13, 2015 6:14:16 AM es.us.isa.aml.operations.core.csp.WhyAreNotCompliant analyze
INFORMACIÓN: Conflicting constraints: [ASSIG_Price: Price == 10000;]
ago 13, 2015 6:14:16 AM es.us.isa.aml.reasoners.CSPWebReasoner solve
INFORMACIÓN: CSPWebReasoner Endpoint: http://localhost:8080/CSPWebReasoner/solver/solve
ago 13, 2015 6:14:16 AM es.us.isa.aml.reasoners.CSPWebReasoner solve
INFORMACIÓN: CSPWebReasoner Endpoint: http://localhost:8080/CSPWebReasoner/solver/solve
ago 13, 2015 6:14:17 AM es.us.isa.aml.reasoners.CSPWebReasoner solve
INFORMACIÓN: CSPWebReasoner Endpoint: http://localhost:8080/CSPWebReasoner/solver/solve
ago 13, 2015 6:14:17 AM es.us.isa.aml.reasoners.CSPWebReasoner solve
INFORMACIÓN: CSPWebReasoner Endpoint: http://localhost:8080/CSPWebReasoner/solver/solve
ago 13, 2015 6:14:18 AM es.us.isa.aml.reasoners.CSPWebReasoner solve
INFORMACIÓN: CSPWebReasoner Endpoint: http://localhost:8080/CSPWebReasoner/solver/solve
ago 13, 2015 6:14:18 AM es.us.isa.aml.reasoners.CSPWebReasoner solve
INFORMACIÓN: CSPWebReasoner Endpoint: http://localhost:8080/CSPWebReasoner/solver/solve
ago 13, 2015 6:14:19 AM es.us.isa.aml.reasoners.CSPWebReasoner solve
INFORMACIÓN: CSPWebReasoner Endpoint: http://localhost:8080/CSPWebReasoner/solver/solve
ago 13, 2015 6:14:19 AM es.us.isa.aml.reasoners.CSPWebReasoner solve
INFORMACIÓN: CSPWebReasoner Endpoint: http://localhost:8080/CSPWebReasoner/solver/solve
ago 13, 2015 6:14:19 AM es.us.isa.aml.reasoners.CSPWebReasoner solve
INFORMACIÓN: CSPWebReasoner Endpoint: http://localhost:8080/CSPWebReasoner/solver/solve
ago 13, 2015 6:14:20 AM es.us.isa.aml.reasoners.CSPWebReasoner solve
INFORMACIÓN: CSPWebReasoner Endpoint: http://localhost:8080/CSPWebReasoner/solver/solve
ago 13, 2015 6:14:20 AM es.us.isa.aml.reasoners.CSPWebReasoner solve
INFORMACIÓN: CSPWebReasoner Endpoint: http://localhost:8080/CSPWebReasoner/solver/solve
ago 13, 2015 6:14:20 AM es.us.isa.aml.reasoners.CSPWebReasoner solve
INFORMACIÓN: CSPWebReasoner Endpoint: http://localhost:8080/CSPWebReasoner/solver/solve
ago 13, 2015 6:14:21 AM es.us.isa.aml.reasoners.CSPWebReasoner solve
INFORMACIÓN: CSPWebReasoner Endpoint: http://localhost:8080/CSPWebReasoner/solver/solve
ago 13, 2015 6:14:21 AM es.us.isa.aml.reasoners.CSPWebReasoner solve
INFORMACIÓN: CSPWebReasoner Endpoint: http://localhost:8080/CSPWebReasoner/solver/solve
ago 13, 2015 6:14:23 AM es.us.isa.aml.reasoners.CSPWebReasoner solve
INFORMACIÓN: CSPWebReasoner Endpoint: http://localhost:8080/CSPWebReasoner/solver/solve
ago 13, 2015 6:14:24 AM es.us.isa.aml.reasoners.CSPWebReasoner solve
INFORMACIÓN: CSPWebReasoner Endpoint: http://localhost:8080/CSPWebReasoner/solver/solve
ago 13, 2015 6:14:26 AM es.us.isa.aml.reasoners.CSPWebReasoner solve
INFORMACIÓN: CSPWebReasoner Endpoint: http://localhost:8080/CSPWebReasoner/solver/solve
ago 13, 2015 6:14:26 AM es.us.isa.aml.reasoners.CSPWebReasoner solve
INFORMACIÓN: CSPWebReasoner Endpoint: http://localhost:8080/CSPWebReasoner/solver/solve
ago 13, 2015 6:14:27 AM es.us.isa.aml.reasoners.CSPWebReasoner solve
INFORMACIÓN: CSPWebReasoner Endpoint: http://localhost:8080/CSPWebReasoner/solver/solve
ago 13, 2015 6:14:28 AM es.us.isa.aml.reasoners.CSPWebReasoner solve
INFORMACIÓN: CSPWebReasoner Endpoint: http://localhost:8080/CSPWebReasoner/solver/solve
ago 13, 2015 6:14:28 AM es.us.isa.aml.reasoners.CSPWebReasoner solve
INFORMACIÓN: CSPWebReasoner Endpoint: http://localhost:8080/CSPWebReasoner/solver/solve
ago 13, 2015 6:14:28 AM es.us.isa.aml.reasoners.CSPWebReasoner solve
INFORMACIÓN: CSPWebReasoner Endpoint: http://localhost:8080/CSPWebReasoner/solver/solve
ago 13, 2015 6:14:32 AM es.us.isa.aml.reasoners.CSPWebReasoner solve
INFORMACIÓN: CSPWebReasoner Endpoint: http://localhost:8080/CSPWebReasoner/solver/solve
ago 13, 2015 6:14:32 AM es.us.isa.aml.reasoners.CSPWebReasoner solve
INFORMACIÓN: CSPWebReasoner Endpoint: http://localhost:8080/CSPWebReasoner/solver/solve
ago 13, 2015 6:14:33 AM es.us.isa.aml.reasoners.CSPWebReasoner solve
INFORMACIÓN: CSPWebReasoner Endpoint: http://localhost:8080/CSPWebReasoner/solver/solve
ago 13, 2015 6:14:33 AM es.us.isa.aml.reasoners.CSPWebReasoner solve
INFORMACIÓN: CSPWebReasoner Endpoint: http://localhost:8080/CSPWebReasoner/solver/solve
ago 13, 2015 6:14:35 AM es.us.isa.aml.reasoners.CSPWebReasoner solve
INFORMACIÓN: CSPWebReasoner Endpoint: http://localhost:8080/CSPWebReasoner/solver/solve
ago 13, 2015 6:14:36 AM es.us.isa.aml.reasoners.CSPWebReasoner solve
INFORMACIÓN: CSPWebReasoner Endpoint: http://localhost:8080/CSPWebReasoner/solver/solve
ago 13, 2015 6:14:38 AM es.us.isa.aml.reasoners.CSPWebReasoner solve
INFORMACIÓN: CSPWebReasoner Endpoint: http://localhost:8080/CSPWebReasoner/solver/solve
ago 13, 2015 6:14:38 AM es.us.isa.aml.reasoners.CSPWebReasoner solve
INFORMACIÓN: CSPWebReasoner Endpoint: http://localhost:8080/CSPWebReasoner/solver/solve
ago 13, 2015 6:14:39 AM es.us.isa.aml.reasoners.CSPWebReasoner solve
INFORMACIÓN: CSPWebReasoner Endpoint: http://localhost:8080/CSPWebReasoner/solver/solve
ago 13, 2015 6:14:44 AM es.us.isa.aml.reasoners.CSPWebReasoner solve
INFORMACIÓN: CSPWebReasoner Endpoint: http://localhost:8080/CSPWebReasoner/solver/solve
ago 13, 2015 6:14:44 AM es.us.isa.aml.reasoners.CSPWebReasoner solve
INFORMACIÓN: CSPWebReasoner Endpoint: http://localhost:8080/CSPWebReasoner/solver/solve
ago 13, 2015 6:14:45 AM es.us.isa.aml.reasoners.CSPWebReasoner solve
INFORMACIÓN: CSPWebReasoner Endpoint: http://localhost:8080/CSPWebReasoner/solver/solve
Tests run: 15, Failures: 0, Errors: 0, Skipped: 0, Time elapsed: 74.238 sec - in es.us.isa.tests.core.TestOperations
Running es.us.isa.tests.core.TestPapamoscas
Tests run: 2, Failures: 0, Errors: 0, Skipped: 0, Time elapsed: 1.405 sec - in es.us.isa.tests.core.TestPapamoscas
Running es.us.isa.tests.core.TestStore
Tests run: 8, Failures: 0, Errors: 0, Skipped: 0, Time elapsed: 0.079 sec - in es.us.isa.tests.core.TestStore
Running es.us.isa.tests.core.TestSuite
ago 13, 2015 6:14:48 AM es.us.isa.aml.reasoners.CSPWebReasoner solve
INFORMACIÓN: CSPWebReasoner Endpoint: http://localhost:8080/CSPWebReasoner/solver/solve
ago 13, 2015 6:14:49 AM es.us.isa.aml.reasoners.CSPWebReasoner solve
INFORMACIÓN: CSPWebReasoner Endpoint: http://localhost:8080/CSPWebReasoner/solver/solve
ago 13, 2015 6:14:49 AM es.us.isa.aml.reasoners.CSPWebReasoner solve
INFORMACIÓN: CSPWebReasoner Endpoint: http://localhost:8080/CSPWebReasoner/solver/solve
ago 13, 2015 6:14:51 AM es.us.isa.aml.reasoners.CSPWebReasoner solve
INFORMACIÓN: CSPWebReasoner Endpoint: http://localhost:8080/CSPWebReasoner/solver/solve
ago 13, 2015 6:14:53 AM es.us.isa.aml.reasoners.CSPWebReasoner solve
INFORMACIÓN: CSPWebReasoner Endpoint: http://localhost:8080/CSPWebReasoner/solver/solve
ago 13, 2015 6:14:54 AM es.us.isa.aml.reasoners.CSPWebReasoner solve
INFORMACIÓN: CSPWebReasoner Endpoint: http://localhost:8080/CSPWebReasoner/solver/solve
ago 13, 2015 6:14:54 AM es.us.isa.aml.reasoners.CSPWebReasoner solve
INFORMACIÓN: CSPWebReasoner Endpoint: http://localhost:8080/CSPWebReasoner/solver/solve
ago 13, 2015 6:14:55 AM es.us.isa.aml.reasoners.CSPWebReasoner solve
INFORMACIÓN: CSPWebReasoner Endpoint: http://localhost:8080/CSPWebReasoner/solver/solve
ago 13, 2015 6:14:56 AM es.us.isa.aml.reasoners.CSPWebReasoner solve
INFORMACIÓN: CSPWebReasoner Endpoint: http://localhost:8080/CSPWebReasoner/solver/solve
ago 13, 2015 6:14:56 AM es.us.isa.aml.reasoners.CSPWebReasoner solve
INFORMACIÓN: CSPWebReasoner Endpoint: http://localhost:8080/CSPWebReasoner/solver/solve
ago 13, 2015 6:14:57 AM es.us.isa.aml.reasoners.CSPWebReasoner solve
INFORMACIÓN: CSPWebReasoner Endpoint: http://localhost:8080/CSPWebReasoner/solver/solve
ago 13, 2015 6:14:58 AM es.us.isa.aml.reasoners.CSPWebReasoner solve
INFORMACIÓN: CSPWebReasoner Endpoint: http://localhost:8080/CSPWebReasoner/solver/solve
ago 13, 2015 6:15:00 AM es.us.isa.aml.reasoners.CSPWebReasoner solve
INFORMACIÓN: CSPWebReasoner Endpoint: http://localhost:8080/CSPWebReasoner/solver/solve
ago 13, 2015 6:15:02 AM es.us.isa.aml.reasoners.CSPWebReasoner solve
INFORMACIÓN: CSPWebReasoner Endpoint: http://localhost:8080/CSPWebReasoner/solver/solve
ago 13, 2015 6:15:02 AM es.us.isa.aml.reasoners.CSPWebReasoner solve
INFORMACIÓN: CSPWebReasoner Endpoint: http://localhost:8080/CSPWebReasoner/solver/solve
ago 13, 2015 6:15:03 AM es.us.isa.aml.reasoners.CSPWebReasoner solve
INFORMACIÓN: CSPWebReasoner Endpoint: http://localhost:8080/CSPWebReasoner/solver/solve
ago 13, 2015 6:15:04 AM es.us.isa.aml.reasoners.CSPWebReasoner solve
INFORMACIÓN: CSPWebReasoner Endpoint: http://localhost:8080/CSPWebReasoner/solver/solve
ago 13, 2015 6:15:05 AM es.us.isa.aml.reasoners.CSPWebReasoner solve
INFORMACIÓN: CSPWebReasoner Endpoint: http://localhost:8080/CSPWebReasoner/solver/solve
ago 13, 2015 6:15:05 AM es.us.isa.aml.reasoners.CSPWebReasoner solve
INFORMACIÓN: CSPWebReasoner Endpoint: http://localhost:8080/CSPWebReasoner/solver/solve
ago 13, 2015 6:15:05 AM es.us.isa.aml.reasoners.CSPWebReasoner solve
INFORMACIÓN: CSPWebReasoner Endpoint: http://localhost:8080/CSPWebReasoner/solver/solve
ago 13, 2015 6:15:07 AM es.us.isa.aml.reasoners.CSPWebReasoner solve
INFORMACIÓN: CSPWebReasoner Endpoint: http://localhost:8080/CSPWebReasoner/solver/solve
ago 13, 2015 6:15:08 AM es.us.isa.aml.reasoners.CSPWebReasoner solve
INFORMACIÓN: CSPWebReasoner Endpoint: http://localhost:8080/CSPWebReasoner/solver/solve
ago 13, 2015 6:15:08 AM es.us.isa.aml.reasoners.CSPWebReasoner solve
INFORMACIÓN: CSPWebReasoner Endpoint: http://localhost:8080/CSPWebReasoner/solver/solve
ago 13, 2015 6:15:09 AM es.us.isa.aml.reasoners.CSPWebReasoner solve
INFORMACIÓN: CSPWebReasoner Endpoint: http://localhost:8080/CSPWebReasoner/solver/solve
ago 13, 2015 6:15:09 AM es.us.isa.aml.reasoners.CSPWebReasoner solve
INFORMACIÓN: CSPWebReasoner Endpoint: http://localhost:8080/CSPWebReasoner/solver/solve
ago 13, 2015 6:15:11 AM es.us.isa.aml.reasoners.CSPWebReasoner solve
INFORMACIÓN: CSPWebReasoner Endpoint: http://localhost:8080/CSPWebReasoner/solver/solve
ago 13, 2015 6:15:12 AM es.us.isa.aml.reasoners.CSPWebReasoner solve
INFORMACIÓN: CSPWebReasoner Endpoint: http://localhost:8080/CSPWebReasoner/solver/solve
ago 13, 2015 6:15:12 AM es.us.isa.aml.reasoners.CSPWebReasoner solve
INFORMACIÓN: CSPWebReasoner Endpoint: http://localhost:8080/CSPWebReasoner/solver/solve
ago 13, 2015 6:15:12 AM es.us.isa.aml.reasoners.CSPWebReasoner solve
INFORMACIÓN: CSPWebReasoner Endpoint: http://localhost:8080/CSPWebReasoner/solver/solve
ago 13, 2015 6:15:12 AM es.us.isa.aml.reasoners.CSPWebReasoner solve
INFORMACIÓN: CSPWebReasoner Endpoint: http://localhost:8080/CSPWebReasoner/solver/solve
ago 13, 2015 6:15:13 AM es.us.isa.aml.reasoners.CSPWebReasoner solve
INFORMACIÓN: CSPWebReasoner Endpoint: http://localhost:8080/CSPWebReasoner/solver/solve
ago 13, 2015 6:15:13 AM es.us.isa.aml.reasoners.CSPWebReasoner solve
INFORMACIÓN: CSPWebReasoner Endpoint: http://localhost:8080/CSPWebReasoner/solver/solve
ago 13, 2015 6:15:14 AM es.us.isa.aml.reasoners.CSPWebReasoner solve
INFORMACIÓN: CSPWebReasoner Endpoint: http://localhost:8080/CSPWebReasoner/solver/solve
ago 13, 2015 6:15:14 AM es.us.isa.aml.reasoners.CSPWebReasoner solve
INFORMACIÓN: CSPWebReasoner Endpoint: http://localhost:8080/CSPWebReasoner/solver/solve
ago 13, 2015 6:15:14 AM es.us.isa.aml.reasoners.CSPWebReasoner solve
INFORMACIÓN: CSPWebReasoner Endpoint: http://localhost:8080/CSPWebReasoner/solver/solve
ago 13, 2015 6:15:15 AM es.us.isa.aml.reasoners.CSPWebReasoner solve
INFORMACIÓN: CSPWebReasoner Endpoint: http://localhost:8080/CSPWebReasoner/solver/solve
ago 13, 2015 6:15:15 AM es.us.isa.aml.reasoners.CSPWebReasoner solve
INFORMACIÓN: CSPWebReasoner Endpoint: http://localhost:8080/CSPWebReasoner/solver/solve
ago 13, 2015 6:15:15 AM es.us.isa.aml.reasoners.CSPWebReasoner solve
INFORMACIÓN: CSPWebReasoner Endpoint: http://localhost:8080/CSPWebReasoner/solver/solve
ago 13, 2015 6:15:16 AM es.us.isa.aml.reasoners.CSPWebReasoner solve
INFORMACIÓN: CSPWebReasoner Endpoint: http://localhost:8080/CSPWebReasoner/solver/solve
ago 13, 2015 6:15:16 AM es.us.isa.aml.reasoners.CSPWebReasoner solve
INFORMACIÓN: CSPWebReasoner Endpoint: http://localhost:8080/CSPWebReasoner/solver/solve
ago 13, 2015 6:15:16 AM es.us.isa.aml.reasoners.CSPWebReasoner solve
INFORMACIÓN: CSPWebReasoner Endpoint: http://localhost:8080/CSPWebReasoner/solver/solve
ago 13, 2015 6:15:17 AM es.us.isa.aml.reasoners.CSPWebReasoner solve
INFORMACIÓN: CSPWebReasoner Endpoint: http://localhost:8080/CSPWebReasoner/solver/solve
ago 13, 2015 6:15:17 AM es.us.isa.aml.reasoners.CSPWebReasoner solve
INFORMACIÓN: CSPWebReasoner Endpoint: http://localhost:8080/CSPWebReasoner/solver/solve
ago 13, 2015 6:15:18 AM es.us.isa.aml.reasoners.CSPWebReasoner solve
INFORMACIÓN: CSPWebReasoner Endpoint: http://localhost:8080/CSPWebReasoner/solver/solve
ago 13, 2015 6:15:18 AM es.us.isa.aml.reasoners.CSPWebReasoner solve
INFORMACIÓN: CSPWebReasoner Endpoint: http://localhost:8080/CSPWebReasoner/solver/solve
ago 13, 2015 6:15:19 AM es.us.isa.aml.reasoners.CSPWebReasoner solve
INFORMACIÓN: CSPWebReasoner Endpoint: http://localhost:8080/CSPWebReasoner/solver/solve
ago 13, 2015 6:15:20 AM es.us.isa.aml.reasoners.CSPWebReasoner solve
INFORMACIÓN: CSPWebReasoner Endpoint: http://localhost:8080/CSPWebReasoner/solver/solve
ago 13, 2015 6:15:20 AM es.us.isa.aml.reasoners.CSPWebReasoner solve
INFORMACIÓN: CSPWebReasoner Endpoint: http://localhost:8080/CSPWebReasoner/solver/solve
ago 13, 2015 6:15:23 AM es.us.isa.aml.reasoners.CSPWebReasoner solve
INFORMACIÓN: CSPWebReasoner Endpoint: http://localhost:8080/CSPWebReasoner/solver/solve
ago 13, 2015 6:15:24 AM es.us.isa.aml.reasoners.CSPWebReasoner solve
INFORMACIÓN: CSPWebReasoner Endpoint: http://localhost:8080/CSPWebReasoner/solver/solve
ago 13, 2015 6:15:24 AM es.us.isa.aml.reasoners.CSPWebReasoner solve
INFORMACIÓN: CSPWebReasoner Endpoint: http://localhost:8080/CSPWebReasoner/solver/solve
ago 13, 2015 6:15:24 AM es.us.isa.aml.reasoners.CSPWebReasoner solve
INFORMACIÓN: CSPWebReasoner Endpoint: http://localhost:8080/CSPWebReasoner/solver/solve
ago 13, 2015 6:15:25 AM es.us.isa.aml.reasoners.CSPWebReasoner solve
INFORMACIÓN: CSPWebReasoner Endpoint: http://localhost:8080/CSPWebReasoner/solver/solve
ago 13, 2015 6:15:25 AM es.us.isa.aml.reasoners.CSPWebReasoner solve
INFORMACIÓN: CSPWebReasoner Endpoint: http://localhost:8080/CSPWebReasoner/solver/solve
ago 13, 2015 6:15:30 AM es.us.isa.aml.operations.core.csp.WhyAreNotCompliant analyze
INFORMACIÓN: Conflicts from wich Problem constraint must be removed and to check if they are included within the Offer (to be returned): [G1, G1_2]
ago 13, 2015 6:15:30 AM es.us.isa.aml.operations.core.csp.WhyAreNotCompliant analyze
INFORMACIÓN: Conflicting constraints: [G1: MUP < 999;]
ago 13, 2015 6:15:30 AM es.us.isa.aml.reasoners.CSPWebReasoner solve
INFORMACIÓN: CSPWebReasoner Endpoint: http://localhost:8080/CSPWebReasoner/solver/solve
ago 13, 2015 6:15:30 AM es.us.isa.aml.reasoners.CSPWebReasoner solve
INFORMACIÓN: CSPWebReasoner Endpoint: http://localhost:8080/CSPWebReasoner/solver/solve
ago 13, 2015 6:15:31 AM es.us.isa.aml.operations.core.csp.WhyAreNotCompliant analyze
INFORMACIÓN: Conflicts from wich Problem constraint must be removed and to check if they are included within the Offer (to be returned): [Problem, G1_2]
ago 13, 2015 6:15:31 AM es.us.isa.aml.operations.core.csp.WhyAreNotCompliant analyze
INFORMACIÓN: Conflicting constraints: [G1: MUP >= 9999;]
ago 13, 2015 6:15:31 AM es.us.isa.aml.reasoners.CSPWebReasoner solve
INFORMACIÓN: CSPWebReasoner Endpoint: http://localhost:8080/CSPWebReasoner/solver/solve
ago 13, 2015 6:15:32 AM es.us.isa.aml.operations.core.csp.WhyAreNotCompliant analyze
INFORMACIÓN: Conflicts from wich Problem constraint must be removed and to check if they are included within the Offer (to be returned): [ASSIG_Price, C2]
ago 13, 2015 6:15:32 AM es.us.isa.aml.operations.core.csp.WhyAreNotCompliant analyze
INFORMACIÓN: Conflicting constraints: [ASSIG_Price: Price == 10000;]
ago 13, 2015 6:15:32 AM es.us.isa.aml.reasoners.CSPWebReasoner solve
INFORMACIÓN: CSPWebReasoner Endpoint: http://localhost:8080/CSPWebReasoner/solver/solve
ago 13, 2015 6:15:32 AM es.us.isa.aml.reasoners.CSPWebReasoner solve
INFORMACIÓN: CSPWebReasoner Endpoint: http://localhost:8080/CSPWebReasoner/solver/solve
ago 13, 2015 6:15:33 AM es.us.isa.aml.reasoners.CSPWebReasoner solve
INFORMACIÓN: CSPWebReasoner Endpoint: http://localhost:8080/CSPWebReasoner/solver/solve
ago 13, 2015 6:15:34 AM es.us.isa.aml.reasoners.CSPWebReasoner solve
INFORMACIÓN: CSPWebReasoner Endpoint: http://localhost:8080/CSPWebReasoner/solver/solve
ago 13, 2015 6:15:34 AM es.us.isa.aml.reasoners.CSPWebReasoner solve
INFORMACIÓN: CSPWebReasoner Endpoint: http://localhost:8080/CSPWebReasoner/solver/solve
ago 13, 2015 6:15:34 AM es.us.isa.aml.reasoners.CSPWebReasoner solve
INFORMACIÓN: CSPWebReasoner Endpoint: http://localhost:8080/CSPWebReasoner/solver/solve
ago 13, 2015 6:15:35 AM es.us.isa.aml.reasoners.CSPWebReasoner solve
INFORMACIÓN: CSPWebReasoner Endpoint: http://localhost:8080/CSPWebReasoner/solver/solve
ago 13, 2015 6:15:35 AM es.us.isa.aml.reasoners.CSPWebReasoner solve
INFORMACIÓN: CSPWebReasoner Endpoint: http://localhost:8080/CSPWebReasoner/solver/solve
ago 13, 2015 6:15:36 AM es.us.isa.aml.reasoners.CSPWebReasoner solve
INFORMACIÓN: CSPWebReasoner Endpoint: http://localhost:8080/CSPWebReasoner/solver/solve
ago 13, 2015 6:15:36 AM es.us.isa.aml.reasoners.CSPWebReasoner solve
INFORMACIÓN: CSPWebReasoner Endpoint: http://localhost:8080/CSPWebReasoner/solver/solve
ago 13, 2015 6:15:37 AM es.us.isa.aml.reasoners.CSPWebReasoner solve
INFORMACIÓN: CSPWebReasoner Endpoint: http://localhost:8080/CSPWebReasoner/solver/solve
ago 13, 2015 6:15:37 AM es.us.isa.aml.reasoners.CSPWebReasoner solve
INFORMACIÓN: CSPWebReasoner Endpoint: http://localhost:8080/CSPWebReasoner/solver/solve
ago 13, 2015 6:15:38 AM es.us.isa.aml.reasoners.CSPWebReasoner solve
INFORMACIÓN: CSPWebReasoner Endpoint: http://localhost:8080/CSPWebReasoner/solver/solve
ago 13, 2015 6:15:38 AM es.us.isa.aml.reasoners.CSPWebReasoner solve
INFORMACIÓN: CSPWebReasoner Endpoint: http://localhost:8080/CSPWebReasoner/solver/solve
ago 13, 2015 6:15:38 AM es.us.isa.aml.reasoners.CSPWebReasoner solve
INFORMACIÓN: CSPWebReasoner Endpoint: http://localhost:8080/CSPWebReasoner/solver/solve
ago 13, 2015 6:15:39 AM es.us.isa.aml.reasoners.CSPWebReasoner solve
INFORMACIÓN: CSPWebReasoner Endpoint: http://localhost:8080/CSPWebReasoner/solver/solve
ago 13, 2015 6:15:40 AM es.us.isa.aml.reasoners.CSPWebReasoner solve
INFORMACIÓN: CSPWebReasoner Endpoint: http://localhost:8080/CSPWebReasoner/solver/solve
ago 13, 2015 6:15:40 AM es.us.isa.aml.reasoners.CSPWebReasoner solve
INFORMACIÓN: CSPWebReasoner Endpoint: http://localhost:8080/CSPWebReasoner/solver/solve
ago 13, 2015 6:15:40 AM es.us.isa.aml.reasoners.CSPWebReasoner solve
INFORMACIÓN: CSPWebReasoner Endpoint: http://localhost:8080/CSPWebReasoner/solver/solve
ago 13, 2015 6:15:41 AM es.us.isa.aml.reasoners.CSPWebReasoner solve
INFORMACIÓN: CSPWebReasoner Endpoint: http://localhost:8080/CSPWebReasoner/solver/solve
ago 13, 2015 6:15:41 AM es.us.isa.aml.reasoners.CSPWebReasoner solve
INFORMACIÓN: CSPWebReasoner Endpoint: http://localhost:8080/CSPWebReasoner/solver/solve
ago 13, 2015 6:15:41 AM es.us.isa.aml.reasoners.CSPWebReasoner solve
INFORMACIÓN: CSPWebReasoner Endpoint: http://localhost:8080/CSPWebReasoner/solver/solve
ago 13, 2015 6:15:42 AM es.us.isa.aml.reasoners.CSPWebReasoner solve
INFORMACIÓN: CSPWebReasoner Endpoint: http://localhost:8080/CSPWebReasoner/solver/solve
ago 13, 2015 6:15:42 AM es.us.isa.aml.reasoners.CSPWebReasoner solve
INFORMACIÓN: CSPWebReasoner Endpoint: http://localhost:8080/CSPWebReasoner/solver/solve
ago 13, 2015 6:15:43 AM es.us.isa.aml.reasoners.CSPWebReasoner solve
INFORMACIÓN: CSPWebReasoner Endpoint: http://localhost:8080/CSPWebReasoner/solver/solve
ago 13, 2015 6:15:43 AM es.us.isa.aml.reasoners.CSPWebReasoner solve
INFORMACIÓN: CSPWebReasoner Endpoint: http://localhost:8080/CSPWebReasoner/solver/solve
ago 13, 2015 6:15:43 AM es.us.isa.aml.reasoners.CSPWebReasoner solve
INFORMACIÓN: CSPWebReasoner Endpoint: http://localhost:8080/CSPWebReasoner/solver/solve
ago 13, 2015 6:15:44 AM es.us.isa.aml.reasoners.CSPWebReasoner solve
INFORMACIÓN: CSPWebReasoner Endpoint: http://localhost:8080/CSPWebReasoner/solver/solve
ago 13, 2015 6:15:46 AM es.us.isa.aml.reasoners.CSPWebReasoner solve
INFORMACIÓN: CSPWebReasoner Endpoint: http://localhost:8080/CSPWebReasoner/solver/solve
ago 13, 2015 6:15:46 AM es.us.isa.aml.reasoners.CSPWebReasoner solve
INFORMACIÓN: CSPWebReasoner Endpoint: http://localhost:8080/CSPWebReasoner/solver/solve
ago 13, 2015 6:15:47 AM es.us.isa.aml.reasoners.CSPWebReasoner solve
INFORMACIÓN: CSPWebReasoner Endpoint: http://localhost:8080/CSPWebReasoner/solver/solve
ago 13, 2015 6:15:47 AM es.us.isa.aml.reasoners.CSPWebReasoner solve
INFORMACIÓN: CSPWebReasoner Endpoint: http://localhost:8080/CSPWebReasoner/solver/solve
ago 13, 2015 6:15:48 AM es.us.isa.aml.reasoners.CSPWebReasoner solve
INFORMACIÓN: CSPWebReasoner Endpoint: http://localhost:8080/CSPWebReasoner/solver/solve
ago 13, 2015 6:15:48 AM es.us.isa.aml.reasoners.CSPWebReasoner solve
INFORMACIÓN: CSPWebReasoner Endpoint: http://localhost:8080/CSPWebReasoner/solver/solve
Tests run: 32, Failures: 0, Errors: 0, Skipped: 0, Time elapsed: 61.573 sec - in es.us.isa.tests.core.TestSuite

Results :

Tests run: 72, Failures: 0, Errors: 0, Skipped: 0

[INFO] ------------------------------------------------------------------------
[INFO] BUILD SUCCESS
[INFO] ------------------------------------------------------------------------
[INFO] Total time: 02:59 min
[INFO] Finished at: 2015-08-13T06:15:49+01:00
[INFO] Final Memory: 17M/187M
[INFO] ------------------------------------------------------------------------
