[INFO] Scanning for projects...
[INFO] 
[INFO] Using the builder org.apache.maven.lifecycle.internal.builder.singlethreaded.SingleThreadedBuilder with a thread count of 1
[INFO]                                                                         
[INFO] ------------------------------------------------------------------------
[INFO] Building AML 0.3
[INFO] ------------------------------------------------------------------------
[WARNING] The POM for es.us.isa.opl:oplall:jar:1.0.0 is invalid, transitive dependencies (if any) will not be available, enable debug logging for more details
[WARNING] The artifact axis:axis-ant:jar:1.4 has been relocated to org.apache.axis:axis-ant:jar:1.4
[INFO] 
[INFO] --- maven-resources-plugin:2.6:resources (default-resources) @ AML ---
[WARNING] Using platform encoding (Cp1252 actually) to copy filtered resources, i.e. build is platform dependent!
[INFO] Copying 2 resources
[INFO] 
[INFO] --- maven-compiler-plugin:3.2:compile (default-compile) @ AML ---
[INFO] Changes detected - recompiling the module!
[WARNING] File encoding has not been set, using platform encoding Cp1252, i.e. build is platform dependent!
[INFO] Compiling 152 source files to C:\Universidad\IDEAS\Projects\AML\target\classes
[INFO] /C:/Universidad/IDEAS/Projects/AML/src/main/java/es/us/isa/aml/parsers/expression/ExpressionParser.java: Some input files use or override a deprecated API.
[INFO] /C:/Universidad/IDEAS/Projects/AML/src/main/java/es/us/isa/aml/parsers/expression/ExpressionParser.java: Recompile with -Xlint:deprecation for details.
[INFO] 
[INFO] --- maven-resources-plugin:2.6:testResources (default-testResources) @ AML ---
[WARNING] Using platform encoding (Cp1252 actually) to copy filtered resources, i.e. build is platform dependent!
[INFO] Copying 3804 resources
[INFO] 
[INFO] --- maven-compiler-plugin:3.2:testCompile (default-testCompile) @ AML ---
[INFO] Nothing to compile - all classes are up to date
[INFO] 
[INFO] --- maven-surefire-plugin:2.18.1:test (default-test) @ AML ---
[INFO] Surefire report directory: C:\Universidad\IDEAS\Projects\AML\target\surefire-reports

-------------------------------------------------------
 T E S T S
-------------------------------------------------------
Running es.us.isa.tests.core.TestCSPModel
Tests run: 2, Failures: 0, Errors: 0, Skipped: 0, Time elapsed: 0.395 sec - in es.us.isa.tests.core.TestCSPModel
Running es.us.isa.tests.core.TestExpression
Tests run: 5, Failures: 0, Errors: 0, Skipped: 0, Time elapsed: 0.001 sec - in es.us.isa.tests.core.TestExpression
Running es.us.isa.tests.core.TestIAgreeModel
Tests run: 1, Failures: 0, Errors: 0, Skipped: 0, Time elapsed: 0 sec - in es.us.isa.tests.core.TestIAgreeModel
Running es.us.isa.tests.core.TestOperations
Conflictos por limpiar Problem, mirar que sean de Offer, y clasificar: [G1, G1_2]
Restricciones conflicto: [G1: MUP < 999;]
Conflictos por limpiar Problem, mirar que sean de Offer, y clasificar: [G1_2]
Restricciones conflicto: [G1: MUP >= 9999;]
Conflictos por limpiar Problem, mirar que sean de Offer, y clasificar: [C2]
Restricciones conflicto: []
Restricciones conflicto: [ASSIG_Price: Price == 10000;, ASSIG_RecoveryOnAzure: RecoveryOnAzure == false;]
Tests run: 13, Failures: 0, Errors: 0, Skipped: 0, Time elapsed: 12.379 sec - in es.us.isa.tests.core.TestOperations
Running es.us.isa.tests.core.TestPapamoscas
Tests run: 2, Failures: 0, Errors: 0, Skipped: 0, Time elapsed: 0.145 sec - in es.us.isa.tests.core.TestPapamoscas
Running es.us.isa.tests.core.TestStore
Tests run: 8, Failures: 0, Errors: 0, Skipped: 0, Time elapsed: 0.001 sec - in es.us.isa.tests.core.TestStore
Running es.us.isa.tests.core.TestSuite
Conflictos por limpiar Problem, mirar que sean de Offer, y clasificar: [G1, G1_2]
Restricciones conflicto: [G1: MUP < 999;]
Conflictos por limpiar Problem, mirar que sean de Offer, y clasificar: [G1_2]
Restricciones conflicto: [G1: MUP >= 9999;]
Conflictos por limpiar Problem, mirar que sean de Offer, y clasificar: [C2]
Restricciones conflicto: []
Restricciones conflicto: [ASSIG_Price: Price == 10000;, ASSIG_RecoveryOnAzure: RecoveryOnAzure == false;]
Tests run: 29, Failures: 0, Errors: 0, Skipped: 0, Time elapsed: 41.684 sec - in es.us.isa.tests.core.TestSuite

Results :

Tests run: 60, Failures: 0, Errors: 0, Skipped: 0

[INFO] ------------------------------------------------------------------------
[INFO] BUILD SUCCESS
[INFO] ------------------------------------------------------------------------
[INFO] Total time: 01:27 min
[INFO] Finished at: 2015-07-21T12:20:26+01:00
[INFO] Final Memory: 17M/161M
[INFO] ------------------------------------------------------------------------
